#VERSION +0003.6300000000 Remove this line to ignore version
#EditorRunning YES
0000000000000672 ff 00000000 00000000
#SEEDMT 00e04f57 0000a827
##Remove one '#' from following line to replay fast
##FASTPLAY 1
#HASH data\config.txt = 4a4b9534
#HASH data\game.dat = 7511c323
#HASH data\ability.dat = 6db42363
#HASH data\baseclass.dat = 29cb9a9a
#HASH data\classes.dat = 938c79b3
#HASH data\items.dat = afa7057b
#HASH data\monsters.dat = d9f7f597
#HASH data\races.dat = 2146bb32
#HASH data\specialAbilities.dat = 527f56bd
#HASH data\spells.dat = 4ae61052
#HASH data\AI_Script.BLK = 95845e0c
#HASH data\Level001.lvl = d4876ce8
#HASH data\Level002.lvl = d79352da
0000000000000672 01 00000020 0000a827
0000000000000a32 01 0000004c 00011048
0000000000000f1e 01 00000041 00019a30
0000000000002c2e 01 00000058 0004af75
0000000000003480 01 00000026 000590ba
0000000000003fc0 01 0000000d 0006ef41
0000000000004380 01 00000025 0007563d
0000000000004722 01 00000026 0007bb40
00000000000052bc 01 0000000d 0008ee66
000000000000574e 01 0000000d 00096a46
0000000000005f0a 01 00000025 000a380c
0000000000006162 01 0000000d 000a7a34
0000000000006306 01 00000025 000aaa33
0000000000006b1c 01 0000000d 000b8114
0000000000006e64 01 00000027 000c09a4
0000000000007224 01 00000026 000c71b0
000000000000749a 01 00000026 000ce8a6
000000000000772e 01 00000027 000d62a5
00000000000079c2 01 00000026 000dac57
0000000000007c38 01 00000026 000e234d
0000000000007e72 01 00000025 000e9431
0000000000008106 01 00000026 000edde3
0000000000008c46 01 0000000d 001007e1
000000000000992a 01 00000025 00115b33
0000000000009cae 01 0000000d 0011bbb5
0000000000009fd8 01 00000028 0012413c
000000000000a410 01 00000026 0012b56c
000000000000ab54 01 00000025 0013a8d3
000000000000afe6 01 00000027 0014261e
000000000000b25c 01 00000026 00146cc7
000000000000b50e 01 00000026 0014e9cf
000000000000c0a8 01 0000000d 00164e9b
000000000000c3b4 01 00000026 0016a361
000000000000c738 01 00000026 001735a8
000000000000d188 01 0000000d 00184751
000000000000d8cc 01 00000026 0019095b
000000000000dea8 01 0000000d 0019a7ae
000000000000e2e0 01 00000026 001a1ace
000000000000e772 01 0000000d 001a97be
000000000000f6cc 01 00000026 001c2b35
000000000000fb22 01 0000000d 001ca213
0000000000010176 01 00000026 001d4bd5
0000000000010824 01 0000000d 001e3244
0000000000012c96 01 00000025 0021fe81
00000000000136c8 01 00000025 00232408
0000000000014d84 01 00000067 00258e52
000000000001636e 01 00000041 0027e35d
00000000000166f2 01 00000027 002848e6
0000000000016800 01 00000027 002869ab
0000000000016a94 01 0000000d 0028b1e5
0000000000016d28 01 00000025 0028fb9f
0000000000016e90 01 00000025 0029257f
0000000000017016 01 00000025 00295268
00000000000190c8 01 0000000d 002ca6ab
0000000000019500 01 00000056 002d19cb
000000000001aa54 01 0000000d 002f4cb9
000000000001b576 01 00000028 003073a1
000000000001b918 01 00000028 0030d72c
000000000001bbe8 01 00000028 00312578
000000000001bfe4 01 0000000d 0031921e
000000000001c458 01 00000026 00320ae8
000000000001c6b0 01 0000000d 00324d10
000000000001cd04 01 00000025 0032f66a
000000000001ce8a 01 0000000d 00332353
000000000001d466 01 00000025 0033c0f1
000000000001d790 01 0000000d 00341858
000000000001dde4 01 00000041 0034c21a
000000000001e41a 01 00000027 00356d72
000000000001e618 01 00000027 0035a67f
000000000001ecc6 01 0000000d 003658f4
000000000001ee88 01 00000025 00368d6f
000000000001efb4 01 00000025 0036b13d
000000000001f0fe 01 00000025 0036d814
000000000001feb4 01 00000054 003840a5
0000000000020f1c 01 00000041 003a010d
0000000000021282 01 0000000d 003a638d
0000000000021a5c 01 00000054 003b345c
00000000000241f8 01 00000025 003f3bb2
0000000000024afe 01 0000000d 00402adb
0000000000025ad0 01 00000047 0041ca76
00000000000261ba 01 00000045 004282fd
0000000000026d54 01 00000047 0043cdd6
0000000000029202 01 00000041 0047cc2f
00000000000297de 01 00000027 00486e6c
0000000000029982 01 00000027 00489e5e
0000000000029b80 01 0000000d 0048d76b
0000000000029e8c 01 00000025 00492d49
000000000002a012 01 00000025 00495a32
000000000002a22e 01 00000025 00499648
000000000002a40e 01 00000026 0049cc4c
000000000002ae40 01 00000054 004ad9cf
000000000002daaa 01 00000025 004fcbd2
000000000002dc6c 01 00000025 004ffff7
000000000002de88 01 00000025 00503c0d
000000000002e518 01 00000067 0050eb79
000000000002f364 01 00000069 00526337
0000000000030de0 01 00000026 00554d3d
0000000000032334 01 00000047 0057931b
0000000000032e92 01 00000025 0058d7e2
00000000000330ae 01 00000025 00591522
00000000000332ac 01 00000026 00594e2f
000000000003346e 01 00000026 0059812a
00000000000351d8 01 0000000d 005c8e27
00000000000363c6 01 00000026 005e6519
000000000003656a 01 00000026 005e950b
00000000000366d2 01 00000026 005ebeeb
0000000000036bbe 01 00000027 005f43d9
000000000003742e 01 0000000d 006023d5
00000000000385fe 01 0000000d 0061f7cb
00000000000387c0 01 0000000d 00622ac6
0000000000038946 01 0000000d 006257af
0000000000038a72 01 0000000d 00627b7d
0000000000038c16 01 0000000d 0062ab6f
0000000000038e8c 01 0000000d 0062f0a0
000000000003940e 01 0000000d 006384bb
0000000000039b16 01 00000025 006440b3
000000000003b196 01 0000000d 00668ce7
000000000003b808 01 00000028 006765bb
000000000003baba 01 00000026 0067b276
000000000003c32a 01 0000000d 0068938f
000000000003c8e8 01 00000026 00692e24
000000000003cb5e 01 00000027 00697472
000000000003cd20 01 0000000d 0069a76d
000000000003d068 01 00000026 006a0245
000000000003d2a2 01 0000000d 006a4281
000000000003d6f8 01 00000026 006ab8aa
000000000003d96e 01 00000026 006b2fa0
000000000003d98c 01 00000026 006b6afa
000000000003de5a 01 0000000d 006becdf
000000000003e1de 01 00000026 006c4dc9
000000000003e3dc 01 00000026 006cb89b
000000000003e68e 01 00000026 006d35a3
000000000003e8c8 01 00000027 006da687
000000000003eae4 01 00000026 006de415
000000000003ed3c 01 00000026 006e5802
000000000003ef1c 01 00000025 006ebfcb
000000000003f174 01 00000026 006f036b
000000000003f354 01 00000026 006f6b34
000000000003f6f6 01 00000027 00700117
000000000003f9a8 01 00000026 00704dd2
000000000003fcf0 01 00000026 0070da07
00000000000406e6 01 0000000d 0071e1b5
000000000004183e 01 00000025 0073ab4b
0000000000041d2a 01 00000028 0074663f
000000000004266c 01 00000027 00758eaa
0000000000042a0e 01 00000027 00762565
0000000000042efa 01 00000026 0076dd83
0000000000043224 01 00000025 007769ca
0000000000043986 01 0000000d 007862ca
0000000000044052 01 00000026 00791b36
0000000000044340 01 00000025 0079a24c
000000000004453e 01 00000026 0079dcd1
0000000000044aa2 01 00000026 007a9fa8
0000000000044cbe 01 00000027 007b0d83
0000000000044eda 01 00000026 007b4b11
00000000000450ba 01 00000026 007bb2da
0000000000045312 01 00000026 007c26c7
00000000000456b4 01 00000026 007cbc17
000000000004590c 01 00000025 007d3004
0000000000045b0a 01 00000026 007d6a89
0000000000045d80 01 00000026 007de17f
000000000004606e 01 00000027 007e652c
00000000000464c4 01 00000026 007edc65
0000000000046b36 01 0000000d 007f89ff
00000000000471c6 01 00000027 00803978
0000000000047478 01 0000000d 008084bb
0000000000047fb8 01 00000027 0081ad8f
00000000000480e4 01 00000027 0081d15d
0000000000048288 01 0000000d 0082014f
00000000000485b2 01 00000025 008258c3
0000000000048c7e 01 0000000d 00830e41
000000000004a33a 01 00000045 00858ea7
000000000004a6be 01 00000025 0085f430
000000000004aa06 01 0000000d 00864ea0
000000000004af6a 01 0000000d 0086e0cf
000000000004b3fc 01 00000020 00875e7d
