#VERSION +0005.2100000000 Remove this line to ignore version
#EditorRunning NO
0000000000000474 ff 00000000 00000000
#SEEDMT 01fd209b 0000748e
##Remove one '#' from following line to replay fast
##FASTPLAY 1
#HASH data\config.txt = 4a4b9534
#HASH data\game.dat = faac9706
#HASH data\ability.dat = d5dd8948
#HASH data\baseclass.dat = 29cb9a9a
#HASH data\classes.dat = 938c79b3
#HASH data\items.dat = bb445749
#HASH data\monsters.dat = 51ddae4a
#HASH data\races.dat = 2146bb32
#HASH data\specialAbilities.dat = 5d627d54
#HASH data\spells.dat = e3314243
#HASH data\AI_Script.BLK = 95845e0c
#HASH data\Level001 - Copy (2).lvl = fbc166ea
#HASH data\Level001 - Copy (3).lvl = 6c6d7a9f
#HASH data\Level001 - Copy.lvl = 93989ac3
#HASH data\Level001.lvl = fcdc7a43
#HASH data\Level002.lvl = d79352da
0000000000000474 02 01ac018b 0000748e
000000000000120c 02 011700f8 0001dd21
0000000000001a22 01 00000058 0002ba7a
0000000000001e00 02 00f600e5 00032869
00000000000021de 01 0000000d 0003987e
0000000000002616 01 00000058 00040b36
00000000000029f4 01 00000042 00047ab2
0000000000002e0e 01 00000027 0004f419
0000000000002ec2 01 00000027 00050d3b
00000000000030de 01 00000026 00054ac9
0000000000004290 01 00000026 00074f27
