#VERSION +0005.2500000000 Remove this line to ignore version
#EditorRunning NO
000000000000012c ff 00000000 00000000
#SEEDMT 00b10aa1 00001f92
##Remove one '#' from following line to replay fast
##FASTPLAY 1
#HASH data\config.txt = 4a4b9534
#HASH data\game.dat = 6a69d552
#HASH data\ability.dat = 22a171f0
#HASH data\baseclass.dat = 29cb9a9a
#HASH data\classes.dat = 938c79b3
#HASH data\items.dat = 8d938d89
#HASH data\monsters.dat = 5d20e08a
#HASH data\races.dat = 2146bb32
#HASH data\specialAbilities.dat = 7ba9bddc
#HASH data\spells.dat = baccbe83
#HASH data\AI_Script.BLK = 95845e0c
#HASH data\Level001 - Copy (2).lvl = fbc166ea
#HASH data\Level001 - Copy (3).lvl = 6c6d7a9f
#HASH data\Level001 - Copy.lvl = 93989ac3
#HASH data\Level001.lvl = bb0e04e6
#HASH data\Level002.lvl = d79352da
000000000000012c 02 01a1011d 00001f92
00000000000001a4 02 01a40123 00003435
00000000000014be 02 00d400e5 000229e2
0000000000001cf2 02 005800be 00030a44
0000000000002328 02 004200cd 0003b5fd
000000000000277e 02 00e900f6 0004331b
0000000000003c3c 02 00e60132 0006584d
000000000000401a 02 00e50132 0006c752
00000000000041fa 02 00e700f3 000702be
000000000000497a 01 00000009 0007cbf0
0000000000004bd2 01 00000009 00080e18
0000000000004c86 01 00000009 000825c2
0000000000004d58 01 00000009 00084075
0000000000004dee 01 00000009 00085516
0000000000004e66 01 00000009 000866ae
0000000000005136 01 00000009 0008b4fa
000000000000547e 01 0000001b 00090f6a
0000000000005dc0 02 0118012f 000a04a5
0000000000007080 01 0000005a 000bf596
0000000000007314 02 010a018c 000c3dd0
0000000000022b00 01 0000004e 0038cbc3
000000000002385c 02 00fd00cc 003a2f98
0000000000023d48 02 003f005e 003abafe
0000000000024234 02 004c00c9 003b4554
00000000000252ba 01 00000042 003cfc9a
0000000000025d64 01 00000045 003e1ff9
0000000000026160 01 00000051 003e91a6
00000000000263d6 01 00000059 003edbde
0000000000026afc 02 018f00f4 003fa03c
