#VERSION +0005.2100000000 Remove this line to ignore version
#EditorRunning NO
00000000000004ec ff 00000000 00000000
#SEEDMT 0037259d 000080b2
##Remove one '#' from following line to replay fast
##FASTPLAY 1
#HASH data\config.txt = 4a4b9534
#HASH data\game.dat = faac9706
#HASH data\ability.dat = 673b6fca
#HASH data\baseclass.dat = 29cb9a9a
#HASH data\classes.dat = 938c79b3
#HASH data\items.dat = 4413b586
#HASH data\monsters.dat = 51ddae4a
#HASH data\races.dat = 2146bb32
#HASH data\specialAbilities.dat = 527f56bd
#HASH data\spells.dat = e3314243
#HASH data\AI_Script.BLK = 95845e0c
#HASH data\Level001 - Copy.lvl = 93989ac3
#HASH data\Level001.lvl = 72bc1f99
#HASH data\Level002.lvl = d79352da
00000000000004ec 02 01f4011a 000080b2
0000000000000b7c 02 00f200e8 00013329
0000000000000f3c 02 00460060 0001a035
00000000000016bc 02 004500df 00026d51
0000000000001e78 02 00f8017c 00034274
00000000000022ec 01 00000026 0003c674
0000000000004524 01 00000058 00074356
00000000000050dc 01 00000045 0008abc3
00000000000057a8 01 00000051 00096648
0000000000005cd0 01 00000059 0009f64f
0000000000006162 02 01600122 000a77e7
0000000000007044 02 01cc00dc 000c0050
00000000000072ba 01 0000000d 000c46ff
