#VERSION +0005.2100000000 Remove this line to ignore version
#EditorRunning NO
000000000000030c ff 00000000 00000000
#SEEDMT 0056632c 00005022
##Remove one '#' from following line to replay fast
##FASTPLAY 1
#HASH data\config.txt = 4a4b9534
#HASH data\game.dat = faac9706
#HASH data\ability.dat = 353e59d0
#HASH data\baseclass.dat = 29cb9a9a
#HASH data\classes.dat = 938c79b3
#HASH data\items.dat = bb445749
#HASH data\monsters.dat = 51ddae4a
#HASH data\races.dat = 2146bb32
#HASH data\specialAbilities.dat = 527f56bd
#HASH data\spells.dat = e3314243
#HASH data\AI_Script.BLK = 95845e0c
#HASH data\Level001 - Copy (2).lvl = fbc166ea
#HASH data\Level001 - Copy (3).lvl = 6c6d7a9f
#HASH data\Level001 - Copy.lvl = 93989ac3
#HASH data\Level001.lvl = 39993a0b
#HASH data\Level002.lvl = d79352da
000000000000030c 02 01aa0132 00005022
0000000000001e78 01 00000058 00031edb
0000000000002274 01 00000059 00039088
0000000000002634 01 00000020 0003fce1
