#VERSION +0005.2100000000 Remove this line to ignore version
#EditorRunning NO
00000000000001fe ff 00000000 00000000
#SEEDMT 0106adaa 000034d1
##Remove one '#' from following line to replay fast
##FASTPLAY 1
#HASH data\config.txt = 4a4b9534
#HASH data\game.dat = 10afd779
#HASH data\ability.dat = 75a28367
#HASH data\baseclass.dat = 29cb9a9a
#HASH data\classes.dat = 938c79b3
#HASH data\items.dat = bb445749
#HASH data\monsters.dat = 51ddae4a
#HASH data\races.dat = 8509c3a3
#HASH data\specialAbilities.dat = 7ba9bddc
#HASH data\spells.dat = e3314243
#HASH data\AI_Script.BLK = 95845e0c
#HASH data\Level001 - Copy (2).lvl = fbc166ea
#HASH data\Level001 - Copy (3).lvl = 6c6d7a9f
#HASH data\Level001 - Copy.lvl = 93989ac3
#HASH data\Level001.lvl = cfab9ea6
#HASH data\Level002.lvl = d79352da
00000000000001fe 02 01460192 000034d1
00000000000008ac 02 00e100eb 0000ea51
0000000000001806 02 003c00cc 000283d8
0000000000001cd4 02 00d40109 00030b8d
0000000000002436 02 002901ce 0003d6bd
000000000000268e 02 00830177 00042028
000000000000299a 01 0000000d 00047604
