#VERSION +0005.2500000000 Remove this line to ignore version
#EditorRunning NO
00000000000004ec ff 00000000 00000000
#SEEDMT 00da1fc8 000080b2
##Remove one '#' from following line to replay fast
##FASTPLAY 1
#HASH data\config.txt = 4a4b9534
#HASH data\game.dat = 6a69d552
#HASH data\ability.dat = 22a171f0
#HASH data\baseclass.dat = 29cb9a9a
#HASH data\classes.dat = 938c79b3
#HASH data\items.dat = 8d938d89
#HASH data\monsters.dat = 5d20e08a
#HASH data\races.dat = 2146bb32
#HASH data\specialAbilities.dat = 7ba9bddc
#HASH data\spells.dat = baccbe83
#HASH data\AI_Script.BLK = 95845e0c
#HASH data\Level001 - Copy (2).lvl = fbc166ea
#HASH data\Level001 - Copy (3).lvl = 6c6d7a9f
#HASH data\Level001 - Copy.lvl = 93989ac3
#HASH data\Level001.lvl = bb0e04e6
#HASH data\Level002.lvl = d79352da
00000000000004ec 02 01260109 000080b2
0000000000000a6e 02 00dc0112 000117d8
0000000000001194 02 006c01cc 0001dcf6
0000000000001e96 02 00b40147 00033a94
