#VERSION +0005.2100000000 Remove this line to ignore version
#EditorRunning NO
0000000000000942 ff 00000000 00000000
#SEEDMT 003c28b2 0000f0ff
##Remove one '#' from following line to replay fast
##FASTPLAY 1
#HASH data\config.txt = 4a4b9534
#HASH data\game.dat = faac9706
#HASH data\ability.dat = 673b6fca
#HASH data\baseclass.dat = 29cb9a9a
#HASH data\classes.dat = 938c79b3
#HASH data\items.dat = 4413b586
#HASH data\monsters.dat = 51ddae4a
#HASH data\races.dat = 2146bb32
#HASH data\specialAbilities.dat = 527f56bd
#HASH data\spells.dat = e3314243
#HASH data\AI_Script.BLK = 95845e0c
#HASH data\Level001 - Copy.lvl = 93989ac3
#HASH data\Level001.lvl = 72bc1f99
#HASH data\Level002.lvl = d79352da
0000000000000942 01 0000000d 0000f0ff
000000000000178e 02 00f800fb 00026a4a
0000000000001eb4 01 00000058 00032f5b
00000000000022ec 02 00e100e6 0003a665
0000000000002724 02 00460060 00041f95
0000000000002ac6 02 004600da 00048888
000000000000311a 02 01070179 0005393f
00000000000041dc 01 00000026 0006fbf0
0000000000005f28 01 00000058 0009f958
00000000000075c6 01 00000045 000c7c0a
0000000000007a58 01 00000051 000cfce4
0000000000007e18 01 00000059 000d687f
000000000000848a 01 0000000d 000e1aa7
