#VERSION +0005.2100000000 Remove this line to ignore version
#EditorRunning NO
00000000000004b0 ff 00000000 00000000
#SEEDMT 022eec0b 00007aa0
##Remove one '#' from following line to replay fast
##FASTPLAY 1
#HASH data\config.txt = 4a4b9534
#HASH data\game.dat = faac9706
#HASH data\ability.dat = 16cc7bdf
#HASH data\baseclass.dat = 29cb9a9a
#HASH data\classes.dat = 938c79b3
#HASH data\items.dat = bb445749
#HASH data\monsters.dat = 51ddae4a
#HASH data\races.dat = 8509c3a3
#HASH data\specialAbilities.dat = 2c434b21
#HASH data\spells.dat = e3314243
#HASH data\AI_Script.BLK = 95845e0c
#HASH data\Level001 - Copy (2).lvl = fbc166ea
#HASH data\Level001 - Copy (3).lvl = 6c6d7a9f
#HASH data\Level001 - Copy.lvl = 93989ac3
#HASH data\Level001.lvl = fcdc7a43
#HASH data\Level002.lvl = d79352da
00000000000004b0 02 01e10131 00007aa0
0000000000000f1e 02 00f400e4 00019140
00000000000015ea 01 0000000d 00024d36
00000000000019aa 01 00000058 0002b3ca
0000000000001dc4 01 00000042 00032958
0000000000002922 01 00000027 00045eed
0000000000002a8a 01 00000027 00048a45
0000000000002cc4 01 00000026 0004cadc
0000000000003426 01 00000026 0005c422
0000000000003b6a 02 00ac01d6 0006b8ae
00000000000047f4 02 007401d6 0008096a
0000000000004ea2 01 00000045 0008c20a
00000000000052f8 01 00000051 00093cd2
0000000000005898 01 0000000d 0009d8fd
0000000000005c94 01 0000000d 000a477e
