#VERSION +0005.2100000000 Remove this line to ignore version
#EditorRunning NO
00000000000003de ff 00000000 00000000
#SEEDMT 006b991a 00006561
##Remove one '#' from following line to replay fast
##FASTPLAY 1
#HASH data\config.txt = 4a4b9534
#HASH data\game.dat = faac9706
#HASH data\ability.dat = 5195cc4f
#HASH data\baseclass.dat = 29cb9a9a
#HASH data\classes.dat = 938c79b3
#HASH data\items.dat = 27f1cc56
#HASH data\monsters.dat = 51ddae4a
#HASH data\races.dat = 2146bb32
#HASH data\specialAbilities.dat = 527f56bd
#HASH data\spells.dat = e3314243
#HASH data\AI_Script.BLK = 95845e0c
#HASH data\Level001 - Copy (2).lvl = fbc166ea
#HASH data\Level001 - Copy (3).lvl = 6c6d7a9f
#HASH data\Level001 - Copy.lvl = 93989ac3
#HASH data\Level001.lvl = 85c2f368
#HASH data\Level002.lvl = d79352da
00000000000003de 02 01cc0155 00006561
0000000000001446 02 010a00e1 000216cc
0000000000001554 02 02050030 00023e09
0000000000001ed2 02 003d00e1 00033ad4
0000000000002616 02 00fa00e1 00040246
0000000000002f58 02 003d00de 0004fdf9
0000000000003372 02 00d40117 00057378
00000000000035ac 02 00d50110 0005b415
0000000000003b10 02 001d01d3 00064bac
0000000000003d4a 02 014c017b 0006920e
0000000000004074 01 0000000d 0006eaf3
