#VERSION +0003.6300000000 Remove this line to ignore version
#EditorRunning NO
0000000000000a6e ff 00000000 00000000
#SEEDMT 0015117e 00010f59
##Remove one '#' from following line to replay fast
##FASTPLAY 1
#HASH data\config.txt = 4a4b9534
#HASH data\game.dat = 7511c323
#HASH data\ability.dat = 6db42363
#HASH data\baseclass.dat = 29cb9a9a
#HASH data\classes.dat = 938c79b3
#HASH data\items.dat = afa7057b
#HASH data\monsters.dat = d9f7f597
#HASH data\races.dat = 2146bb32
#HASH data\specialAbilities.dat = 527f56bd
#HASH data\spells.dat = 4ae61052
#HASH data\AI_Script.BLK = 95845e0c
#HASH data\Level001.lvl = d4876ce8
#HASH data\Level002.lvl = d79352da
0000000000000a6e 02 01400100 00010f59
0000000000001752 02 00f500e5 000265b6
0000000000002238 02 0048008f 00038be7
000000000000299a 02 004e008f 000455fa
0000000000002bd4 02 004c008f 00049a81
0000000000003174 01 0000000d 0005370d
0000000000003354 01 0000000d 00056d11
0000000000003b4c 02 004400b6 000640e9
0000000000005a00 02 00e7010f 000968f0
0000000000006162 02 020800c8 000a3420
000000000000776a 02 01f700d6 000c75ae
0000000000007ff8 02 005201d2 000d5a31
0000000000008412 02 001c01d4 000dd058
000000000000891c 02 009401d9 000e5e1f
0000000000009132 02 00e200d0 000f3add
000000000000981c 02 005f0065 000ff9dc
000000000000a46a 02 00430076 00114369
000000000000a6c2 02 0048008b 00118af9
000000000000a8fc 02 004b0087 0011cf80
000000000000aa46 02 004b007a 0011fbbf
000000000000abcc 02 004c008d 00122e10
000000000000ae24 02 00570064 001275a0
000000000000b07c 02 00510060 0012bd30
000000000000b50e 02 004300b5 00133e6b
000000000000c1f2 02 00cf00d0 0014979a
000000000000c6c0 02 0042005e 00151ff7
000000000000cada 02 0046008a 0015950e
000000000000cf4e 02 004700b4 00161340
000000000000d656 02 00f60120 0016d4ad
000000000000dd04 02 005f00b8 00179043
000000000000e2a4 02 005c0050 00182fc6
000000000000f348 02 005000a7 0019ec97
000000000000ff1e 02 007d0055 001b2cf7
0000000000010fa4 02 01ea00a0 001ce6bf
00000000000117ba 02 017701ce 001dbf1e
0000000000011e2c 01 00000044 001e73e0
0000000000011ee0 01 00000055 001e8b8a
0000000000011f1c 01 00000044 001e9710
0000000000011f76 01 00000045 001ea59f
00000000000122dc 01 0000000d 001f0318
0000000000013a4c 02 003201d2 00216a8b
0000000000013cfe 02 002f01d2 0021bb36
0000000000013f1a 02 002f01d2 0021fcb4
0000000000014136 02 002f01d2 00223e32
0000000000014334 02 002f01d4 00227ca7
000000000001456e 02 002f01d4 0022c12e
00000000000147a8 02 002f01d4 002305b5
0000000000014a3c 02 007801d9 00235357
000000000001546e 02 003201cb 00246939
0000000000015702 02 002b01ce 0024b2f1
000000000001591e 02 002901ce 0024f46f
0000000000015a4a 02 002901ce 00251da5
0000000000015e64 02 007d01d7 002592bc
000000000001636e 02 007401db 00262900
000000000001719c 02 00f10177 0027a56c
0000000000017994 01 00000057 0028847a
0000000000017e62 01 00000057 0029065f
0000000000018042 02 008c00ac 00293c63
000000000001ef00 01 0000005b 00347ca2
000000000001f536 01 00000058 00351d7f
000000000001fd10 01 00000045 003621c3
00000000000203fa 01 00000051 0036df51
000000000002088c 01 00000059 0037602b
0000000000020d00 02 0163012c 0037deba
