#VERSION +0005.2600000000 Remove this line to ignore version
#EditorRunning NO
0000000000000294 ff 00000000 00000000
#SEEDMT 0088e5a7 000043fe
##Remove one '#' from following line to replay fast
##FASTPLAY 1
#HASH data\config.txt = 4a4b9534
#HASH data\game.dat = 02bb0d10
#HASH data\ability.dat = 322aed3c
#HASH data\baseclass.dat = 29cb9a9a
#HASH data\classes.dat = 938c79b3
#HASH data\items.dat = 562515bc
#HASH data\monsters.dat = 5d353a33
#HASH data\races.dat = 2146bb32
#HASH data\specialAbilities.dat = a9d8bb00
#HASH data\spells.dat = e3964fbe
#HASH data\AI_Script.BLK = 95845e0c
#HASH data\Level001 - Copy (2).lvl = fbc166ea
#HASH data\Level001 - Copy (3).lvl = 6c6d7a9f
#HASH data\Level001 - Copy.lvl = 93989ac3
#HASH data\Level001.lvl = 12f903c3
#HASH data\Level002.lvl = d79352da
0000000000000294 02 00b70153 000043fe
0000000000000ca8 02 011000fd 00015183
0000000000001a9a 01 00000058 0002c69e
0000000000001d88 01 00000058 00031c45
0000000000002292 01 00000059 0003a943
0000000000002c10 02 00d300de 0004aa55
