#VERSION +0005.2100000000 Remove this line to ignore version
#EditorRunning NO
00000000000004ec ff 00000000 00000000
#SEEDMT 008a99b0 000080b2
##Remove one '#' from following line to replay fast
##FASTPLAY 1
#HASH data\config.txt = 4a4b9534
#HASH data\game.dat = e081bb63
#HASH data\ability.dat = 83836322
#HASH data\baseclass.dat = 29cb9a9a
#HASH data\classes.dat = 938c79b3
#HASH data\items.dat = c23ece28
#HASH data\monsters.dat = 2bf7bf04
#HASH data\races.dat = 2146bb32
#HASH data\specialAbilities.dat = 527f56bd
#HASH data\spells.dat = 409eccf7
#HASH data\AI_Script.BLK = 95845e0c
#HASH data\Level001.lvl = 2e6fa981
#HASH data\Level002.lvl = d79352da
00000000000004ec 02 01c7012f 000080b2
0000000000000ce4 02 00e900e7 00015795
00000000000012a2 02 003e0063 0001f83a
00000000000015ea 02 003f007b 00025812
00000000000019c8 01 00000058 0002c717
0000000000003156 01 00000042 0005347b
0000000000003606 01 00000026 0005bd0f
000000000000826e 01 00000058 000d7e99
000000000000aafa 01 00000045 0011d1ac
000000000000b63a 01 00000051 0012ff87
000000000000c486 01 00000059 00147c4c
000000000000c828 02 018b012f 0014e59c
000000000000cdaa 02 01c800b8 00157b35
000000000000cf8a 02 01aa00cd 0015b2b7
000000000000d07a 02 019c00d8 0015d1f1
000000000000d110 02 019900dc 0015e810
000000000000d1c4 02 019900e1 00160138
000000000000d30e 01 00000020 0016298d
