#VERSION +0005.2600000000 Remove this line to ignore version
#EditorRunning NO
0000000000000384 ff 00000000 00000000
#SEEDMT 005ccbdc 00005c46
##Remove one '#' from following line to replay fast
##FASTPLAY 1
#HASH data\config.txt = 4a4b9534
#HASH data\game.dat = ebc74836
#HASH data\ability.dat = 1a6ab45f
#HASH data\baseclass.dat = 29cb9a9a
#HASH data\classes.dat = 938c79b3
#HASH data\items.dat = 562515bc
#HASH data\monsters.dat = 5d353a33
#HASH data\races.dat = 2146bb32
#HASH data\specialAbilities.dat = a9d8bb00
#HASH data\spells.dat = e3964fbe
#HASH data\AI_Script.BLK = 95845e0c
#HASH data\Level001 - Copy (2).lvl = fbc166ea
#HASH data\Level001 - Copy (3).lvl = 6c6d7a9f
#HASH data\Level001 - Copy.lvl = 93989ac3
#HASH data\Level001.lvl = 49172136
#HASH data\Level002.lvl = d79352da
0000000000000384 02 018700c3 00005c46
0000000000000aaa 02 00d800fa 00011dea
000000000000102c 01 00000045 0001b87d
00000000000015cc 01 00000058 00026eba
00000000000018d8 01 00000027 0002c76a
0000000000001b4e 01 00000026 00030e13
0000000000001e00 01 00000026 00038df1
0000000000003cb4 01 0000000d 0006e178
