#VERSION +0005.2100000000 Remove this line to ignore version
#EditorRunning NO
00000000000003fc ff 00000000 00000000
#SEEDMT 002349a1 0000686a
##Remove one '#' from following line to replay fast
##FASTPLAY 1
#HASH data\config.txt = 4a4b9534
#HASH data\game.dat = faac9706
#HASH data\ability.dat = 673b6fca
#HASH data\baseclass.dat = 29cb9a9a
#HASH data\classes.dat = 938c79b3
#HASH data\items.dat = 4413b586
#HASH data\monsters.dat = 51ddae4a
#HASH data\races.dat = 2146bb32
#HASH data\specialAbilities.dat = 527f56bd
#HASH data\spells.dat = e3314243
#HASH data\AI_Script.BLK = 95845e0c
#HASH data\Level001 - Copy.lvl = 93989ac3
#HASH data\Level001.lvl = 72bc1f99
#HASH data\Level002.lvl = d79352da
00000000000003fc 02 01f100ab 0000686a
0000000000000f00 02 010c00ee 00018e37
0000000000001158 02 010b00e7 0001d1dd
0000000000001554 02 00370061 000244fb
00000000000018d8 01 00000058 0002aae5
0000000000001ed2 02 00e90173 00035103
00000000000026e8 01 00000026 0004331a
0000000000004b78 01 00000058 0007ecb0
0000000000004ede 01 00000045 00087d9e
000000000000538e 01 00000051 00090181
00000000000057c6 01 00000059 00097940
0000000000005ab4 02 014c0163 0009d05a
0000000000005dc0 01 0000000d 000a2636
