#VERSION +0005.2100000000 Remove this line to ignore version
#EditorRunning YES
00000000000002b2 ff 00000000 00000000
#SEEDMT 020c94c9 00004707
##Remove one '#' from following line to replay fast
##FASTPLAY 1
#HASH data\config.txt = 4a4b9534
#HASH data\game.dat = faac9706
#HASH data\ability.dat = 09d0c979
#HASH data\baseclass.dat = 29cb9a9a
#HASH data\classes.dat = 938c79b3
#HASH data\items.dat = bb445749
#HASH data\monsters.dat = 51ddae4a
#HASH data\races.dat = 2146bb32
#HASH data\specialAbilities.dat = 4a92de7d
#HASH data\spells.dat = e3314243
#HASH data\AI_Script.BLK = 95845e0c
#HASH data\Level001 - Copy (2).lvl = fbc166ea
#HASH data\Level001 - Copy (3).lvl = 6c6d7a9f
#HASH data\Level001 - Copy.lvl = 93989ac3
#HASH data\Level001.lvl = fcdc7a43
#HASH data\Level002.lvl = d79352da
00000000000002b2 02 022900dd 00004707
0000000000001068 01 00000041 0001b2a3
000000000000178e 01 0000000d 00027636
0000000000001d2e 01 00000058 00030d5a
0000000000001f68 01 00000042 00035258
0000000000002490 01 00000027 0003e710
00000000000025bc 01 00000027 00040c56
000000000000277e 01 00000026 000440c9
0000000000002b3e 01 00000026 0004dbf8
