#VERSION +0005.2100000000 Remove this line to ignore version
#EditorRunning NO
000000000000030c ff 00000000 00000000
#SEEDMT 000954ea 00005022
##Remove one '#' from following line to replay fast
##FASTPLAY 1
#HASH data\config.txt = 4a4b9534
#HASH data\game.dat = faac9706
#HASH data\ability.dat = d1eb20ff
#HASH data\baseclass.dat = 29cb9a9a
#HASH data\classes.dat = 938c79b3
#HASH data\items.dat = 4413b586
#HASH data\monsters.dat = 51ddae4a
#HASH data\races.dat = 2146bb32
#HASH data\specialAbilities.dat = 527f56bd
#HASH data\spells.dat = e3314243
#HASH data\AI_Script.BLK = 95845e0c
#HASH data\Level001 - Copy.lvl = 93989ac3
#HASH data\Level001.lvl = b97d2330
#HASH data\Level002.lvl = d79352da
000000000000030c 02 01830121 00005022
0000000000001626 02 00f400e8 0002475c
0000000000001ab8 02 005c0065 0002c9a7
0000000000001c3e 02 00500066 0002f80e
0000000000002292 02 004300e1 0003a6d0
000000000000288c 02 00eb0177 00044e6c
0000000000002d78 01 00000026 0004de90
00000000000049b6 01 00000058 0007c0a7
0000000000004bd2 01 00000027 00083032
0000000000004d1c 01 00000026 00085881
0000000000005ece 01 0000004e 000a5b21
0000000000006180 01 00000027 000aaab6
0000000000006216 01 00000027 000ac0cf
0000000000006324 01 00000026 000ae30c
00000000000063f6 01 00000025 000b2f84
0000000000006c84 01 00000045 000c1401
0000000000007242 01 00000051 000cb335
00000000000078b4 01 00000059 000d649f
0000000000007d46 02 01480117 000de637
0000000000007e54 01 0000000d 000e087a
