#VERSION +0005.2600000000 Remove this line to ignore version
#EditorRunning NO
00000000000008e8 ff 00000000 00000000
#SEEDMT 001133cf 0000e7e4
##Remove one '#' from following line to replay fast
##FASTPLAY 1
#HASH data\config.txt = 4a4b9534
#HASH data\game.dat = ebc74836
#HASH data\ability.dat = 1cb00c7b
#HASH data\baseclass.dat = 29cb9a9a
#HASH data\classes.dat = 938c79b3
#HASH data\items.dat = 562515bc
#HASH data\monsters.dat = 5d353a33
#HASH data\races.dat = 2146bb32
#HASH data\specialAbilities.dat = a9d8bb00
#HASH data\spells.dat = e3964fbe
#HASH data\AI_Script.BLK = 95845e0c
#HASH data\Level001 - Copy (2).lvl = fbc166ea
#HASH data\Level001 - Copy (3).lvl = 6c6d7a9f
#HASH data\Level001 - Copy.lvl = 93989ac3
#HASH data\Level001.lvl = 12f903c3
#HASH data\Level002.lvl = d79352da
00000000000008e8 02 00fd0143 0000e7e4
0000000000000f3c 02 00f5010c 00019449
00000000000015ae 02 007501cb 00024731
0000000000001a7c 02 006e01cb 0002ca94
0000000000001c7a 02 007101d7 0003051f
0000000000001e96 02 008d013d 00034878
0000000000002292 02 008d0145 0003b69c
