#VERSION +0005.2100000000 Remove this line to ignore version
#EditorRunning NO
00000000000001e0 ff 00000000 00000000
#SEEDMT 00092f03 000031c8
##Remove one '#' from following line to replay fast
##FASTPLAY 1
#HASH data\config.txt = 4a4b9534
#HASH data\game.dat = e081bb63
#HASH data\ability.dat = 347798dd
#HASH data\baseclass.dat = 29cb9a9a
#HASH data\classes.dat = 938c79b3
#HASH data\items.dat = c23ece28
#HASH data\monsters.dat = 2bf7bf04
#HASH data\races.dat = 2146bb32
#HASH data\specialAbilities.dat = 527f56bd
#HASH data\spells.dat = 409eccf7
#HASH data\AI_Script.BLK = 95845e0c
#HASH data\Level001.lvl = 93989ac3
#HASH data\Level002.lvl = d79352da
00000000000001e0 02 01810108 000031c8
0000000000000942 02 00db00e7 0000f97e
0000000000000ec4 02 003f0069 00019411
00000000000018d8 02 004700de 0002a3f3
000000000000210c 02 00f10172 0003853a
00000000000026ca 01 00000027 00042a9d
0000000000002904 01 00000026 00046b34
00000000000032a0 01 0000000d 00059f3d
0000000000005ece 01 00000045 000a1d5a
0000000000006522 01 00000051 000acbbb
00000000000068e2 01 00000059 000b3756
0000000000006c2a 02 01aa00a0 000b978b
0000000000006f72 01 0000000d 000bf379
