#VERSION +0005.2100000000 Remove this line to ignore version
#EditorRunning NO
000000000000023a ff 00000000 00000000
#SEEDMT 00a09446 00003ae3
##Remove one '#' from following line to replay fast
##FASTPLAY 1
#HASH data\config.txt = 4a4b9534
#HASH data\game.dat = faac9706
#HASH data\ability.dat = 353e59d0
#HASH data\baseclass.dat = 29cb9a9a
#HASH data\classes.dat = 938c79b3
#HASH data\items.dat = bb445749
#HASH data\monsters.dat = 51ddae4a
#HASH data\races.dat = 2146bb32
#HASH data\specialAbilities.dat = 527f56bd
#HASH data\spells.dat = e3314243
#HASH data\AI_Script.BLK = 95845e0c
#HASH data\Level001 - Copy (2).lvl = fbc166ea
#HASH data\Level001 - Copy (3).lvl = 6c6d7a9f
#HASH data\Level001 - Copy.lvl = 93989ac3
#HASH data\Level001.lvl = 39993a0b
#HASH data\Level002.lvl = d79352da
000000000000023a 02 01af017e 00003ae3
00000000000009ba 02 011000e8 000105a2
0000000000000f00 02 00460046 00019a23
0000000000001ba8 02 003c00de 0002eccb
00000000000020b2 02 00dc010b 00037c1f
0000000000004236 02 002901d1 0006ec26
000000000000817e 02 007f01d4 000d5f1b
0000000000008994 02 006201d8 000e3bcc
0000000000008fe8 02 002101d4 000eeb9e
000000000000a33e 02 008d01d4 0010ebaf
000000000000b982 02 0109018c 001337ae
000000000000beaa 02 000f01ce 0013c933
000000000000c102 02 001601d7 00140cd9
000000000000c44a 02 019f0157 00146e8c
000000000000c756 01 0000000d 0014c468
