#VERSION +0005.2100000000 Remove this line to ignore version
#EditorRunning NO
0000000000000276 ff 00000000 00000000
#SEEDMT 0001604b 000040f5
##Remove one '#' from following line to replay fast
##FASTPLAY 1
#HASH data\config.txt = 4a4b9534
#HASH data\game.dat = e081bb63
#HASH data\ability.dat = 347798dd
#HASH data\baseclass.dat = 29cb9a9a
#HASH data\classes.dat = 938c79b3
#HASH data\items.dat = c23ece28
#HASH data\monsters.dat = 2bf7bf04
#HASH data\races.dat = 2146bb32
#HASH data\specialAbilities.dat = 527f56bd
#HASH data\spells.dat = 409eccf7
#HASH data\AI_Script.BLK = 95845e0c
#HASH data\Level001.lvl = 93989ac3
#HASH data\Level002.lvl = d79352da
0000000000000276 02 019f0138 000040f5
0000000000000b5e 02 00f400eb 00013020
000000000000102c 02 00430069 0001b87d
0000000000001518 02 004d00d8 000242d3
0000000000001734 02 004c00de 00028067
0000000000001c20 02 00f9017a 00030cb2
0000000000002b20 01 00000045 0004a1dc
0000000000003264 01 00000051 00056885
000000000000376e 01 00000059 0005f583
0000000000003ba6 02 01ee00f3 00066e00
0000000000003f0c 01 0000000d 0006ccf7
