#VERSION +0005.2100000000 Remove this line to ignore version
#EditorRunning NO
00000000000002b2 ff 00000000 00000000
#SEEDMT 003f8f4d 00004707
##Remove one '#' from following line to replay fast
##FASTPLAY 1
#HASH data\config.txt = 4a4b9534
#HASH data\game.dat = faac9706
#HASH data\ability.dat = ade0c10e
#HASH data\baseclass.dat = 29cb9a9a
#HASH data\classes.dat = 938c79b3
#HASH data\items.dat = 4413b586
#HASH data\monsters.dat = 51ddae4a
#HASH data\races.dat = 2146bb32
#HASH data\specialAbilities.dat = 527f56bd
#HASH data\spells.dat = e3314243
#HASH data\AI_Script.BLK = 95845e0c
#HASH data\Level001 - Copy.lvl = 93989ac3
#HASH data\Level001.lvl = 76bc1f99
#HASH data\Level002.lvl = d79352da
00000000000002b2 02 0169010a 00004707
0000000000000f3c 02 00e300e2 00019449
0000000000001446 01 00000028 000222b8
0000000000001590 01 0000000d 0002498f
0000000000001af4 02 003f00e8 0002daa1
0000000000002076 02 00f90172 00037619
0000000000002454 01 00000026 0003eaec
0000000000006d56 01 00000058 000b5471
0000000000007bc0 01 0000005b 000d02ad
000000000000df02 01 00000026 00170d74
00000000000122be 01 00000058 001dee64
0000000000013d94 01 00000045 0020dcef
0000000000014172 01 00000051 00214b93
000000000001487a 01 00000059 00220c2a
