#VERSION +0005.2100000000 Remove this line to ignore version
#EditorRunning NO
0000000000000258 ff 00000000 00000000
#SEEDMT 005713de 00003dec
##Remove one '#' from following line to replay fast
##FASTPLAY 1
#HASH data\config.txt = 4a4b9534
#HASH data\game.dat = faac9706
#HASH data\ability.dat = 353e59d0
#HASH data\baseclass.dat = 29cb9a9a
#HASH data\classes.dat = 938c79b3
#HASH data\items.dat = bb445749
#HASH data\monsters.dat = 51ddae4a
#HASH data\races.dat = 2146bb32
#HASH data\specialAbilities.dat = 527f56bd
#HASH data\spells.dat = e3314243
#HASH data\AI_Script.BLK = 95845e0c
#HASH data\Level001 - Copy (2).lvl = fbc166ea
#HASH data\Level001 - Copy (3).lvl = 6c6d7a9f
#HASH data\Level001 - Copy.lvl = 93989ac3
#HASH data\Level001.lvl = 39993a0b
#HASH data\Level002.lvl = d79352da
0000000000000258 02 00fc0109 00003dec
00000000000014a0 02 00f500e5 00021fe7
0000000000001c5c 02 004e00de 0002f425
000000000000212a 02 00da0112 00037bda
00000000000025da 01 00000059 0004013b
0000000000002832 01 00000020 00044928
