#VERSION +0005.2600000000 Remove this line to ignore version
#EditorRunning NO
00000000000001e0 ff 00000000 00000000
#SEEDMT 000201ac 000031c8
##Remove one '#' from following line to replay fast
##FASTPLAY 1
#HASH data\config.txt = 4a4b9534
#HASH data\game.dat = ebc74836
#HASH data\ability.dat = a6d16199
#HASH data\baseclass.dat = 29cb9a9a
#HASH data\classes.dat = 938c79b3
#HASH data\items.dat = 562515bc
#HASH data\monsters.dat = 5d353a33
#HASH data\races.dat = 2146bb32
#HASH data\specialAbilities.dat = a9d8bb00
#HASH data\spells.dat = e3964fbe
#HASH data\AI_Script.BLK = 95845e0c
#HASH data\Level001 - Copy (2).lvl = fbc166ea
#HASH data\Level001 - Copy (3).lvl = 6c6d7a9f
#HASH data\Level001 - Copy.lvl = 93989ac3
#HASH data\Level001.lvl = f5a807ec
#HASH data\Level002.lvl = d79352da
00000000000001e0 02 015000c6 000031c8
0000000000000636 02 012c00fa 0000aa94
0000000000000c12 01 00000045 00014e42
000000000000113a 01 00000058 0001f85b
00000000000013ce 01 00000027 000244e7
00000000000017e8 01 00000027 0002b60e
000000000000189c 01 00000026 0002cf30
0000000000001d88 01 00000058 000389de
0000000000001f4a 01 00000059 0003c1e0
0000000000002382 01 00000025 00043945
0000000000002526 01 00000026 00046aaf
00000000000027d8 01 00000026 0004e7b7
0000000000002a12 01 00000026 0005589b
0000000000002fee 01 00000042 0005f6fb
