#VERSION +0005.2600000000 Remove this line to ignore version
#EditorRunning NO
0000000000000276 ff 00000000 00000000
#SEEDMT 0077393d 000040f5
##Remove one '#' from following line to replay fast
##FASTPLAY 1
#HASH data\config.txt = 4a4b9534
#HASH data\game.dat = d2c7e88f
#HASH data\ability.dat = 61ca5a0f
#HASH data\baseclass.dat = 29cb9a9a
#HASH data\classes.dat = 938c79b3
#HASH data\items.dat = 562515bc
#HASH data\monsters.dat = 23a2fa0d
#HASH data\races.dat = 2146bb32
#HASH data\specialAbilities.dat = a9d8bb00
#HASH data\spells.dat = e3964fbe
#HASH data\AI_Script.BLK = 95845e0c
#HASH data\Level001 - Copy (2).lvl = fbc166ea
#HASH data\Level001 - Copy (3).lvl = 6c6d7a9f
#HASH data\Level001 - Copy.lvl = 93989ac3
#HASH data\Level001.lvl = bd230988
#HASH data\Level002.lvl = d79352da
0000000000000276 02 0195017a 000040f5
0000000000000c30 02 01100100 0001455f
00000000000010a4 01 00000056 0001c4a1
000000000000122a 01 00000043 0001f18a
00000000000018d8 01 00000058 0002c318
0000000000001b4e 01 00000027 00030c9b
0000000000001c7a 01 00000026 000331e1
0000000000001e1e 01 00000026 0003966e
0000000000002094 01 0000000d 00040e7c
0000000000002328 01 0000000d 000456b6
00000000000027d8 01 00000045 0004d5fa
000000000000286e 01 00000045 0004efa2
0000000000002904 01 00000051 00050443
0000000000002bd4 01 0000000d 00055796
