#VERSION +0005.2100000000 Remove this line to ignore version
#EditorRunning NO
000000000000030c ff 00000000 00000000
#SEEDMT 0053f0f3 00005022
##Remove one '#' from following line to replay fast
##FASTPLAY 1
#HASH data\config.txt = 4a4b9534
#HASH data\game.dat = faac9706
#HASH data\ability.dat = 353e59d0
#HASH data\baseclass.dat = 29cb9a9a
#HASH data\classes.dat = 938c79b3
#HASH data\items.dat = bb445749
#HASH data\monsters.dat = 51ddae4a
#HASH data\races.dat = 2146bb32
#HASH data\specialAbilities.dat = 527f56bd
#HASH data\spells.dat = e3314243
#HASH data\AI_Script.BLK = 95845e0c
#HASH data\Level001 - Copy (2).lvl = fbc166ea
#HASH data\Level001 - Copy (3).lvl = 6c6d7a9f
#HASH data\Level001 - Copy.lvl = 93989ac3
#HASH data\Level001.lvl = 39993a0b
#HASH data\Level002.lvl = d79352da
000000000000030c 02 01e500f2 00005022
000000000000140a 01 0000005b 000210ba
0000000000001f4a 02 010400e3 0003341a
0000000000001fe0 02 01e100cf 00034f33
0000000000001ffe 02 009400c8 0003592e
000000000000201c 01 0000005b 00036329
000000000000203a 02 01ab012f 00036632
0000000000002058 02 01770153 0003702d
0000000000002076 02 015b0117 00037a28
0000000000002ac6 02 004100db 00048c32
0000000000003066 02 00e2010e 00052926
000000000000369c 01 00000059 0005d5fc
000000000000394e 01 00000020 00062704
