#VERSION +0005.2100000000 Remove this line to ignore version
#EditorRunning YES
00000000000001fe ff 00000000 00000000
#SEEDMT 0204c296 000034d1
##Remove one '#' from following line to replay fast
##FASTPLAY 1
#HASH data\config.txt = 4a4b9534
#HASH data\game.dat = faac9706
#HASH data\ability.dat = 09d0c979
#HASH data\baseclass.dat = 29cb9a9a
#HASH data\classes.dat = 938c79b3
#HASH data\items.dat = bb445749
#HASH data\monsters.dat = 51ddae4a
#HASH data\races.dat = 2146bb32
#HASH data\specialAbilities.dat = d7426541
#HASH data\spells.dat = e3314243
#HASH data\AI_Script.BLK = 95845e0c
#HASH data\Level001 - Copy (2).lvl = fbc166ea
#HASH data\Level001 - Copy (3).lvl = 6c6d7a9f
#HASH data\Level001 - Copy.lvl = 93989ac3
#HASH data\Level001.lvl = fcdc7a43
#HASH data\Level002.lvl = d79352da
00000000000001fe 02 01910156 000034d1
00000000000007f8 01 00000041 0000d81b
0000000000000c8a 01 0000000d 000158e8
0000000000000f00 01 00000058 00019e19
00000000000010a4 01 00000042 0001d3ea
0000000000001518 01 00000027 0002566c
00000000000015ea 01 00000027 00027297
00000000000017e8 01 00000026 0002ad1c
000000000000268e 01 00000026 00046290
