#VERSION +0005.2100000000 Remove this line to ignore version
#EditorRunning YES
00000000000002ee ff 00000000 00000000
#SEEDMT 020723b8 00004d19
##Remove one '#' from following line to replay fast
##FASTPLAY 1
#HASH data\config.txt = 4a4b9534
#HASH data\game.dat = faac9706
#HASH data\ability.dat = 09d0c979
#HASH data\baseclass.dat = 29cb9a9a
#HASH data\classes.dat = 938c79b3
#HASH data\items.dat = bb445749
#HASH data\monsters.dat = 51ddae4a
#HASH data\races.dat = 2146bb32
#HASH data\specialAbilities.dat = 4a92de7d
#HASH data\spells.dat = e3314243
#HASH data\AI_Script.BLK = 95845e0c
#HASH data\Level001 - Copy (2).lvl = fbc166ea
#HASH data\Level001 - Copy (3).lvl = 6c6d7a9f
#HASH data\Level001 - Copy.lvl = 93989ac3
#HASH data\Level001.lvl = fcdc7a43
#HASH data\Level002.lvl = d79352da
00000000000002ee 02 01fe0188 00004d19
00000000000006cc 01 00000028 0000b9c1
0000000000000744 01 00000028 0000cb59
0000000000000ae6 01 0000000d 00012ee4
00000000000011ee 01 00000058 0001eb84
0000000000001dc4 02 00590099 000327d7
0000000000002526 02 00fc00f9 0003ee00
0000000000002a6c 01 00000058 00048281
0000000000002d00 01 00000041 0004cf0d
0000000000003372 01 0000000d 0005806a
000000000000394e 01 00000058 00061da0
0000000000003c00 01 00000042 00066ec2
0000000000003e58 01 00000027 0006baa2
0000000000003ed0 01 00000027 0006cdb2
0000000000004092 01 00000026 00070225
0000000000004998 01 00000026 000825e9
