#VERSION +0005.2100000000 Remove this line to ignore version
#EditorRunning YES
00000000000001a4 ff 00000000 00000000
#SEEDMT 020283b2 00002bb6
##Remove one '#' from following line to replay fast
##FASTPLAY 1
#HASH data\config.txt = 4a4b9534
#HASH data\game.dat = faac9706
#HASH data\ability.dat = 09d0c979
#HASH data\baseclass.dat = 29cb9a9a
#HASH data\classes.dat = 938c79b3
#HASH data\items.dat = bb445749
#HASH data\monsters.dat = 51ddae4a
#HASH data\races.dat = 2146bb32
#HASH data\specialAbilities.dat = d7426541
#HASH data\spells.dat = e3314243
#HASH data\AI_Script.BLK = 95845e0c
#HASH data\Level001 - Copy (2).lvl = fbc166ea
#HASH data\Level001 - Copy (3).lvl = 6c6d7a9f
#HASH data\Level001 - Copy.lvl = 93989ac3
#HASH data\Level001.lvl = fcdc7a43
#HASH data\Level002.lvl = d79352da
00000000000001a4 02 01f9016f 00002bb6
0000000000000852 01 00000041 0000e136
0000000000000b04 01 0000000d 00013173
0000000000000e10 01 00000058 000185d1
00000000000010c2 01 00000042 0001d6f3
00000000000012a2 01 00000027 000216af
0000000000001356 01 00000027 00022fd1
00000000000014fa 01 00000026 0002613b
0000000000001716 01 00000026 0002d1ec
