#VERSION +0005.2100000000 Remove this line to ignore version
#EditorRunning NO
000000000000023a ff 00000000 00000000
#SEEDMT 005a48f9 00003ae3
##Remove one '#' from following line to replay fast
##FASTPLAY 1
#HASH data\config.txt = 4a4b9534
#HASH data\game.dat = dbb876de
#HASH data\ability.dat = e50255f1
#HASH data\baseclass.dat = 29cb9a9a
#HASH data\classes.dat = 938c79b3
#HASH data\items.dat = f9a2a4c7
#HASH data\monsters.dat = 055b11e3
#HASH data\races.dat = 2146bb32
#HASH data\specialAbilities.dat = 527f56bd
#HASH data\spells.dat = 79458fbe
#HASH data\AI_Script.BLK = 95845e0c
#HASH data\Level001.lvl = 0c5506b1
#HASH data\Level002.lvl = d79352da
000000000000023a 02 0165014e 00003ae3
0000000000000a14 02 010100e5 00010ebd
0000000000000e4c 02 00420051 000187ed
0000000000001338 01 00000058 00021243
00000000000017e8 01 00000042 000296fe
00000000000048c6 02 01140192 00079205
0000000000005352 01 00000059 0008af28
00000000000055aa 02 01be00dc 0008f715
00000000000057c6 02 01d400d0 000934a9
00000000000058b6 02 01d400cf 000953e3
0000000000005a96 02 01d400cf 00098b65
0000000000005c58 02 01d400d2 0009bfde
0000000000005cd0 02 01d400d5 0009d2f4
0000000000005d66 02 01d700e4 0009e913
0000000000005e56 02 01d700e7 000a084d
0000000000005ece 02 01d900e7 000a1b63
0000000000005fdc 02 01dd00e1 000a3da6
0000000000006054 02 01e700d8 000a50bc
00000000000060ea 02 01e900d2 000a66db
