#VERSION +0005.2100000000 Remove this line to ignore version
#EditorRunning YES
000000000000023a ff 00000000 00000000
#SEEDMT 02044671 00003ae3
##Remove one '#' from following line to replay fast
##FASTPLAY 1
#HASH data\config.txt = 4a4b9534
#HASH data\game.dat = faac9706
#HASH data\ability.dat = 09d0c979
#HASH data\baseclass.dat = 29cb9a9a
#HASH data\classes.dat = 938c79b3
#HASH data\items.dat = bb445749
#HASH data\monsters.dat = 51ddae4a
#HASH data\races.dat = 2146bb32
#HASH data\specialAbilities.dat = d7426541
#HASH data\spells.dat = e3314243
#HASH data\AI_Script.BLK = 95845e0c
#HASH data\Level001 - Copy (2).lvl = fbc166ea
#HASH data\Level001 - Copy (3).lvl = 6c6d7a9f
#HASH data\Level001 - Copy.lvl = 93989ac3
#HASH data\Level001.lvl = fcdc7a43
#HASH data\Level002.lvl = d79352da
000000000000023a 02 01570155 00003ae3
0000000000001266 01 00000041 0001e63c
00000000000015ea 01 0000000d 00024bb8
0000000000001b6c 01 00000058 0002dfd3
00000000000020d0 01 00000042 000376c4
00000000000024ae 01 00000027 0003ea19
000000000000259e 01 00000027 0004094d
000000000000279c 01 00000026 000443d2
0000000000003174 01 00000026 00057cd5
