#VERSION +0005.2600000000 Remove this line to ignore version
#EditorRunning NO
0000000000000582 ff 00000000 00000000
#SEEDMT 000817e6 00008fdf
##Remove one '#' from following line to replay fast
##FASTPLAY 1
#HASH data\config.txt = 4a4b9534
#HASH data\game.dat = ebc74836
#HASH data\ability.dat = 1a6ab45f
#HASH data\baseclass.dat = 29cb9a9a
#HASH data\classes.dat = 938c79b3
#HASH data\items.dat = 562515bc
#HASH data\monsters.dat = 5d353a33
#HASH data\races.dat = 2146bb32
#HASH data\specialAbilities.dat = a9d8bb00
#HASH data\spells.dat = e3964fbe
#HASH data\AI_Script.BLK = 95845e0c
#HASH data\Level001 - Copy (2).lvl = fbc166ea
#HASH data\Level001 - Copy (3).lvl = 6c6d7a9f
#HASH data\Level001 - Copy.lvl = 93989ac3
#HASH data\Level001.lvl = 49172136
#HASH data\Level002.lvl = d79352da
0000000000000582 02 022b0030 00008fdf
0000000000001e3c 01 0000004c 000318c9
0000000000002058 01 00000045 000359d9
000000000000259e 01 00000058 000406fb
0000000000002850 01 00000027 00045690
0000000000002b5c 01 00000025 0004ac66
00000000000030a2 01 00000025 00053be7
00000000000032dc 01 00000027 00057c7e
0000000000003516 01 00000027 0005bd15
00000000000035ac 01 00000027 0005d32e
000000000000376e 01 00000025 000607a1
0000000000003a20 01 00000026 0006545c
0000000000003c3c 01 00000026 0006c50d
