#VERSION +0005.2100000000 Remove this line to ignore version
#EditorRunning NO
0000000000000276 ff 00000000 00000000
#SEEDMT 020108ab 000040f5
##Remove one '#' from following line to replay fast
##FASTPLAY 1
#HASH data\config.txt = 4a4b9534
#HASH data\game.dat = faac9706
#HASH data\ability.dat = 498a1a8d
#HASH data\baseclass.dat = 29cb9a9a
#HASH data\classes.dat = 938c79b3
#HASH data\items.dat = bb445749
#HASH data\monsters.dat = 51ddae4a
#HASH data\races.dat = 2146bb32
#HASH data\specialAbilities.dat = 9a3bedc0
#HASH data\spells.dat = e3314243
#HASH data\AI_Script.BLK = 95845e0c
#HASH data\Level001 - Copy (2).lvl = fbc166ea
#HASH data\Level001 - Copy (3).lvl = 6c6d7a9f
#HASH data\Level001 - Copy.lvl = 93989ac3
#HASH data\Level001.lvl = fcdc7a43
#HASH data\Level002.lvl = d79352da
0000000000000276 02 00eb0163 000040f5
0000000000000ff0 02 00f50112 0001a67f
0000000000001734 02 006d01d7 00026ea6
000000000000198c 02 0083019d 0002b811
0000000000001e78 01 0000000d 00033e7d
