#VERSION +0005.2600000000 Remove this line to ignore version
#EditorRunning NO
0000000000000582 ff 00000000 00000000
#SEEDMT 0054f3ae 00008fdf
##Remove one '#' from following line to replay fast
##FASTPLAY 1
#HASH data\config.txt = 4a4b9534
#HASH data\game.dat = d2c7e88f
#HASH data\ability.dat = 61ca5a0f
#HASH data\baseclass.dat = 29cb9a9a
#HASH data\classes.dat = 938c79b3
#HASH data\items.dat = 562515bc
#HASH data\monsters.dat = 23a2fa0d
#HASH data\races.dat = 2146bb32
#HASH data\specialAbilities.dat = a9d8bb00
#HASH data\spells.dat = e3964fbe
#HASH data\AI_Script.BLK = 95845e0c
#HASH data\Level001 - Copy (2).lvl = fbc166ea
#HASH data\Level001 - Copy (3).lvl = 6c6d7a9f
#HASH data\Level001 - Copy.lvl = 93989ac3
#HASH data\Level001.lvl = bd230988
#HASH data\Level002.lvl = d79352da
0000000000000582 02 01c20105 00008fdf
00000000000008ac 01 00000026 0000ea51
0000000000000942 01 00000026 0000fef2
0000000000000f00 01 0000000d 0001991f
0000000000001482 01 00000043 00022e4a
0000000000001f4a 01 00000058 00036a13
000000000000230a 01 00000027 0003d4f9
0000000000002472 01 00000026 00040051
000000000000286e 01 00000026 0004a192
000000000000288c 01 0000000d 0004dcec
0000000000002f3a 01 00000020 00058f61
00000000000030fc 01 0000000d 0005c25c
0000000000003e58 01 00000045 0007223a
0000000000004128 01 00000051 0007758d
0000000000004506 01 0000000d 0007e431
