#VERSION +0005.2100000000 Remove this line to ignore version
#EditorRunning NO
0000000000002544 ff 00000000 00000000
#SEEDMT 0018a301 0003c666
##Remove one '#' from following line to replay fast
##FASTPLAY 1
#HASH data\config.txt = 4a4b9534
#HASH data\game.dat = 7511c323
#HASH data\ability.dat = 6db42363
#HASH data\baseclass.dat = 29cb9a9a
#HASH data\classes.dat = 938c79b3
#HASH data\items.dat = afa7057b
#HASH data\monsters.dat = d9f7f597
#HASH data\races.dat = 2146bb32
#HASH data\specialAbilities.dat = 527f56bd
#HASH data\spells.dat = 4ae61052
#HASH data\AI_Script.BLK = 95845e0c
#HASH data\Level001.lvl = d4876ce8
#HASH data\Level002.lvl = d79352da
0000000000002544 02 0138013e 0003c666
000000000000d728 02 00d900d0 0015ce43
000000000000eb14 02 004c00bd 0017e0d2
000000000000f096 02 00560051 00187d4c
00000000000102a2 02 005400a6 001a5e89
0000000000010c5c 02 003001ce 001b6847
0000000000011328 02 015801d8 001c2624
0000000000011c10 01 0000004a 001d1aa3
0000000000011c4c 01 0000004f 001d2629
0000000000011cc4 01 00000045 001d37c1
0000000000012156 02 01030192 001db394
0000000000012462 01 0000000d 001e0970
0000000000012c78 02 002301db 001ee348
0000000000012e94 02 002301db 001f24c6
000000000001357e 02 008601da 001fe2b5
0000000000013bf0 02 008201d7 00209777
0000000000014118 02 007101d4 002130c4
00000000000147a8 02 00d300eb 0021e7da
00000000000150cc 02 003d007b 0022e084
000000000001537e 02 003c0064 0023312f
0000000000015c0c 02 003a00e1 0024199c
0000000000017b56 01 00000042 002750d0
0000000000018330 01 00000026 00282b57
000000000001964a 02 011a01dd 002a20b0
00000000000197ee 02 011c01d8 002a5220
0000000000020058 01 00000045 00351cda
00000000000212be 01 00000051 003703da
0000000000021912 01 00000059 0037b23b
0000000000021eee 02 01850105 00385536
0000000000022380 02 00ef0153 0038d287
0000000000022a10 02 0000018f 00398371
