#VERSION +0005.2100000000 Remove this line to ignore version
#EditorRunning YES
0000000000000726 ff 00000000 00000000
#SEEDMT 004b5547 0000ba5d
##Remove one '#' from following line to replay fast
##FASTPLAY 1
#HASH data\config.txt = 4a4b9534
#HASH data\game.dat = faac9706
#HASH data\ability.dat = 668ce735
#HASH data\baseclass.dat = 29cb9a9a
#HASH data\classes.dat = 938c79b3
#HASH data\items.dat = bb445749
#HASH data\monsters.dat = 51ddae4a
#HASH data\races.dat = 2146bb32
#HASH data\specialAbilities.dat = 2c434b21
#HASH data\spells.dat = e3314243
#HASH data\AI_Script.BLK = 95845e0c
#HASH data\Level001 - Copy (2).lvl = fbc166ea
#HASH data\Level001 - Copy (3).lvl = 6c6d7a9f
#HASH data\Level001 - Copy.lvl = 93989ac3
#HASH data\Level001.lvl = a2c2e23f
#HASH data\Level002.lvl = d79352da
0000000000000726 02 01130136 0000ba5d
0000000000001248 02 00eb00ea 0001e333
00000000000016da 02 00300047 0002657e
000000000000198c 02 00370056 0002b23f
0000000000001e96 02 00410080 00033bb4
0000000000002094 02 0043008e 0003763f
0000000000002760 02 004e00dd 00043125
0000000000002b5c 01 00000042 0004a528
0000000000002e0e 01 00000027 0004fa23
0000000000002e86 01 00000027 00050d33
0000000000002f94 01 00000026 00052f70
00000000000030c0 01 00000026 000587d9
0000000000003606 01 00000058 000648cc
0000000000003ba6 01 00000059 0006e4f7
0000000000004416 01 00000045 0007c9a0
00000000000048e4 01 00000051 0008508c
0000000000004cfe 01 00000059 0008c542
0000000000005118 01 0000000d 00093ab6
