#VERSION +0005.2500000000 Remove this line to ignore version
#EditorRunning NO
00000000000002b2 ff 00000000 00000000
#SEEDMT 001f37c2 00004707
##Remove one '#' from following line to replay fast
##FASTPLAY 1
#HASH data\config.txt = 4a4b9534
#HASH data\game.dat = 6a69d552
#HASH data\ability.dat = 22a171f0
#HASH data\baseclass.dat = 29cb9a9a
#HASH data\classes.dat = 938c79b3
#HASH data\items.dat = 8d938d89
#HASH data\monsters.dat = 5d20e08a
#HASH data\races.dat = 2146bb32
#HASH data\specialAbilities.dat = 7ba9bddc
#HASH data\spells.dat = baccbe83
#HASH data\AI_Script.BLK = 95845e0c
#HASH data\Level001 - Copy (2).lvl = fbc166ea
#HASH data\Level001 - Copy (3).lvl = 6c6d7a9f
#HASH data\Level001 - Copy.lvl = 93989ac3
#HASH data\Level001.lvl = bb0e04e6
#HASH data\Level002.lvl = d79352da
00000000000002b2 02 0179015d 00004707
0000000000000348 01 00000020 00005eb3
00000000000008ca 01 00000058 0000f2ce
0000000000000d20 01 00000059 00016d96
0000000000000ff0 02 00e30187 0001c1a7
