#VERSION +0005.2100000000 Remove this line to ignore version
#EditorRunning NO
0000000000000276 ff 00000000 00000000
#SEEDMT 0100f426 000040f5
##Remove one '#' from following line to replay fast
##FASTPLAY 1
#HASH data\config.txt = 4a4b9534
#HASH data\game.dat = faac9706
#HASH data\ability.dat = 22be5ebc
#HASH data\baseclass.dat = 29cb9a9a
#HASH data\classes.dat = 938c79b3
#HASH data\items.dat = bb445749
#HASH data\monsters.dat = 51ddae4a
#HASH data\races.dat = 2146bb32
#HASH data\specialAbilities.dat = 7ba9bddc
#HASH data\spells.dat = e3314243
#HASH data\AI_Script.BLK = 95845e0c
#HASH data\Level001 - Copy (2).lvl = fbc166ea
#HASH data\Level001 - Copy (3).lvl = 6c6d7a9f
#HASH data\Level001 - Copy.lvl = 93989ac3
#HASH data\Level001.lvl = cfab9ea6
#HASH data\Level002.lvl = d79352da
0000000000000276 02 0161013b 000040f5
0000000000000db6 02 010700eb 00016cd4
00000000000019c8 02 003e0052 0002b15f
0000000000001d6a 02 003e00ca 00031a52
00000000000021a2 02 0107010f 00039467
000000000000279c 02 003401cf 00043b2b
00000000000030a2 02 008401d4 000530d9
00000000000055e6 02 008701d5 0009014b
0000000000006360 02 00dc0177 000a69a7
00000000000068a6 01 00000026 000b02e6
0000000000006fcc 01 00000042 000bc2a9
0000000000007cb0 02 00e7003c 000d1af5
00000000000084e4 02 00de0058 000df65d
0000000000009132 02 001e01d1 000f3c00
000000000000983a 02 001e01d1 000ffcf8
000000000000a06e 02 006b01d5 0010dc4a
000000000000a884 02 007701d1 0011b8ee
000000000000b63a 02 002a01d5 00132804
000000000000bf7c 02 016501d4 001423c4
000000000000c6a2 02 009501cf 0014e82d
000000000000d002 02 011a01d5 0015e634
000000000000d584 02 00b001cc 0016af42
000000000000db7e 02 002401d5 00175606
000000000000dea8 02 002401d5 0017b3e5
000000000000f456 02 017a01d5 001a0137
000000000000fae6 02 002401d1 001ab728
000000000000fd5c 02 00610195 001b039c
0000000000010176 01 0000000d 001b74c9
