#VERSION +0005.2600000000 Remove this line to ignore version
#EditorRunning NO
000000000000099c ff 00000000 00000000
#SEEDMT 0010f510 0000fa1a
##Remove one '#' from following line to replay fast
##FASTPLAY 1
#HASH data\config.txt = 4a4b9534
#HASH data\game.dat = ebc74836
#HASH data\ability.dat = 1cb00c7b
#HASH data\baseclass.dat = 29cb9a9a
#HASH data\classes.dat = 938c79b3
#HASH data\items.dat = 562515bc
#HASH data\monsters.dat = 5d353a33
#HASH data\races.dat = 2146bb32
#HASH data\specialAbilities.dat = a9d8bb00
#HASH data\spells.dat = e3964fbe
#HASH data\AI_Script.BLK = 95845e0c
#HASH data\Level001 - Copy (2).lvl = fbc166ea
#HASH data\Level001 - Copy (3).lvl = 6c6d7a9f
#HASH data\Level001 - Copy.lvl = 93989ac3
#HASH data\Level001.lvl = 12f903c3
#HASH data\Level002.lvl = d79352da
000000000000099c 02 00c6009c 0000fa1a
0000000000000f96 02 01040105 00019d64
0000000000001284 02 0105010e 0001f037
0000000000001770 02 007d01d3 00027baa
0000000000001d4c 02 00e1014f 00032023
0000000000002b98 02 00e1014f 0004995f
