#VERSION +0005.2600000000 Remove this line to ignore version
#EditorRunning NO
000000000000030c ff 00000000 00000000
#SEEDMT 003169c7 00005022
##Remove one '#' from following line to replay fast
##FASTPLAY 1
#HASH data\config.txt = 4a4b9534
#HASH data\game.dat = d2c7e88f
#HASH data\ability.dat = 61ca5a0f
#HASH data\baseclass.dat = 29cb9a9a
#HASH data\classes.dat = 938c79b3
#HASH data\items.dat = 562515bc
#HASH data\monsters.dat = 23a2fa0d
#HASH data\races.dat = 2146bb32
#HASH data\specialAbilities.dat = a9d8bb00
#HASH data\spells.dat = e3964fbe
#HASH data\AI_Script.BLK = 95845e0c
#HASH data\Level001 - Copy (2).lvl = fbc166ea
#HASH data\Level001 - Copy (3).lvl = 6c6d7a9f
#HASH data\Level001 - Copy.lvl = 93989ac3
#HASH data\Level001.lvl = bd230988
#HASH data\Level002.lvl = d79352da
000000000000030c 02 01460104 00005022
000000000000104a 01 00000058 0001af9a
00000000000014fa 01 00000059 0002337d
0000000000001b8a 01 0000000d 0002e686
