#VERSION +0005.2100000000 Remove this line to ignore version
#EditorRunning YES
00000000000001fe ff 00000000 00000000
#SEEDMT 0206e98d 000034d1
##Remove one '#' from following line to replay fast
##FASTPLAY 1
#HASH data\config.txt = 4a4b9534
#HASH data\game.dat = faac9706
#HASH data\ability.dat = 09d0c979
#HASH data\baseclass.dat = 29cb9a9a
#HASH data\classes.dat = 938c79b3
#HASH data\items.dat = bb445749
#HASH data\monsters.dat = 51ddae4a
#HASH data\races.dat = 2146bb32
#HASH data\specialAbilities.dat = 4a92de7d
#HASH data\spells.dat = e3314243
#HASH data\AI_Script.BLK = 95845e0c
#HASH data\Level001 - Copy (2).lvl = fbc166ea
#HASH data\Level001 - Copy (3).lvl = 6c6d7a9f
#HASH data\Level001 - Copy.lvl = 93989ac3
#HASH data\Level001.lvl = fcdc7a43
#HASH data\Level002.lvl = d79352da
00000000000001fe 02 015d013d 000034d1
000000000000079e 01 00000041 0000cf00
0000000000000942 01 0000000d 000103ec
0000000000000c12 01 00000042 00015238
0000000000001194 01 00000058 0001e653
000000000000131a 01 00000042 0002191b
0000000000001572 01 00000027 000264fb
0000000000001608 01 00000027 00027b14
0000000000001752 01 00000026 0002a363
00000000000019aa 01 00000026 00031a26
