#VERSION +0005.2100000000 Remove this line to ignore version
#EditorRunning NO
00000000000003de ff 00000000 00000000
#SEEDMT 007dd9c6 00006561
##Remove one '#' from following line to replay fast
##FASTPLAY 1
#HASH data\config.txt = 4a4b9534
#HASH data\game.dat = dbb876de
#HASH data\ability.dat = e50255f1
#HASH data\baseclass.dat = 29cb9a9a
#HASH data\classes.dat = 938c79b3
#HASH data\items.dat = f9a2a4c7
#HASH data\monsters.dat = 055b11e3
#HASH data\races.dat = 2146bb32
#HASH data\specialAbilities.dat = 527f56bd
#HASH data\spells.dat = 79458fbe
#HASH data\AI_Script.BLK = 95845e0c
#HASH data\Level001.lvl = 0d3c7484
#HASH data\Level002.lvl = d79352da
00000000000003de 02 0123010c 00006561
000000000000079e 02 010c00fa 0000cf00
000000000000111c 01 00000058 0001d0c5
0000000000001a40 02 011000e7 0002c749
0000000000001fe0 02 004f0066 000364e5
0000000000002562 02 003f00de 0003fe68
00000000000030c0 02 01030174 000531a2
00000000000035e8 01 00000026 0005c7d8
00000000000040ce 02 01a0001b 0006e8bb
0000000000004506 01 00000058 00075cf1
0000000000004dee 02 01270006 00087c86
0000000000005532 01 00000026 00093fa6
00000000000073c8 01 00000058 000c5e71
0000000000009eca 02 01890007 0010efd6
000000000000a80c 01 00000045 0011e68f
000000000000aef6 01 00000051 0012a41d
000000000000b3c4 01 00000059 00132b09
000000000000c774 02 017e007e 0015342a
