#VERSION +0005.2100000000 Remove this line to ignore version
#EditorRunning YES
00000000000003fc ff 00000000 00000000
#SEEDMT 0202b1a8 0000686a
##Remove one '#' from following line to replay fast
##FASTPLAY 1
#HASH data\config.txt = 4a4b9534
#HASH data\game.dat = faac9706
#HASH data\ability.dat = 09d0c979
#HASH data\baseclass.dat = 29cb9a9a
#HASH data\classes.dat = 938c79b3
#HASH data\items.dat = bb445749
#HASH data\monsters.dat = 51ddae4a
#HASH data\races.dat = 2146bb32
#HASH data\specialAbilities.dat = d7426541
#HASH data\spells.dat = e3314243
#HASH data\AI_Script.BLK = 95845e0c
#HASH data\Level001 - Copy (2).lvl = fbc166ea
#HASH data\Level001 - Copy (3).lvl = 6c6d7a9f
#HASH data\Level001 - Copy.lvl = 93989ac3
#HASH data\Level001.lvl = fcdc7a43
#HASH data\Level002.lvl = d79352da
00000000000003fc 02 021700b6 0000686a
0000000000000834 01 00000041 0000de2d
0000000000000ac8 01 0000000d 00012b61
0000000000000c6c 01 00000058 00015b53
0000000000000ff0 01 00000042 0001c1b4
00000000000011d0 01 00000027 00020170
0000000000001284 01 00000027 00021a92
0000000000001446 01 00000026 00024f05
00000000000022ce 01 00000026 00040170
