#VERSION +0005.2100000000 Remove this line to ignore version
#EditorRunning NO
0000000000000348 ff 00000000 00000000
#SEEDMT 0200d055 00005634
##Remove one '#' from following line to replay fast
##FASTPLAY 1
#HASH data\config.txt = 4a4b9534
#HASH data\game.dat = faac9706
#HASH data\ability.dat = 498a1a8d
#HASH data\baseclass.dat = 29cb9a9a
#HASH data\classes.dat = 938c79b3
#HASH data\items.dat = bb445749
#HASH data\monsters.dat = 51ddae4a
#HASH data\races.dat = 2146bb32
#HASH data\specialAbilities.dat = 9a3bedc0
#HASH data\spells.dat = e3314243
#HASH data\AI_Script.BLK = 95845e0c
#HASH data\Level001 - Copy (2).lvl = fbc166ea
#HASH data\Level001 - Copy (3).lvl = 6c6d7a9f
#HASH data\Level001 - Copy.lvl = 93989ac3
#HASH data\Level001.lvl = fcdc7a43
#HASH data\Level002.lvl = d79352da
0000000000000348 02 016900fd 00005634
0000000000000d20 02 00f700e8 00015da7
00000000000010fe 01 0000000d 0001cdbc
0000000000001374 01 00000058 000212ed
00000000000017e8 01 00000042 00029196
0000000000001b8a 01 00000027 0002fed9
0000000000001c3e 01 00000027 000317fb
0000000000001f2c 01 00000026 00036ac8
000000000000221a 01 00000026 0003f0b8
