#VERSION +0005.2600000000 Remove this line to ignore version
#EditorRunning NO
0000000000000564 ff 00000000 00000000
#SEEDMT 00791eb6 00008cd6
##Remove one '#' from following line to replay fast
##FASTPLAY 1
#HASH data\config.txt = 4a4b9534
#HASH data\game.dat = d2c7e88f
#HASH data\ability.dat = 61ca5a0f
#HASH data\baseclass.dat = 29cb9a9a
#HASH data\classes.dat = 938c79b3
#HASH data\items.dat = 562515bc
#HASH data\monsters.dat = 23a2fa0d
#HASH data\races.dat = 2146bb32
#HASH data\specialAbilities.dat = a9d8bb00
#HASH data\spells.dat = e3964fbe
#HASH data\AI_Script.BLK = 95845e0c
#HASH data\Level001 - Copy (2).lvl = fbc166ea
#HASH data\Level001 - Copy (3).lvl = 6c6d7a9f
#HASH data\Level001 - Copy.lvl = 93989ac3
#HASH data\Level001.lvl = bd230988
#HASH data\Level002.lvl = d79352da
0000000000000564 02 012a00d4 00008cd6
0000000000000fb4 01 00000058 0001a06d
0000000000001446 01 00000059 00022147
0000000000001806 02 011900f7 00028da0
