#VERSION +0005.2600000000 Remove this line to ignore version
#EditorRunning NO
0000000000000438 ff 00000000 00000000
#SEEDMT 006ca80a 00006e7c
##Remove one '#' from following line to replay fast
##FASTPLAY 1
#HASH data\config.txt = 4a4b9534
#HASH data\game.dat = ebc74836
#HASH data\ability.dat = a6d16199
#HASH data\baseclass.dat = 29cb9a9a
#HASH data\classes.dat = 938c79b3
#HASH data\items.dat = 562515bc
#HASH data\monsters.dat = 5d353a33
#HASH data\races.dat = 2146bb32
#HASH data\specialAbilities.dat = a9d8bb00
#HASH data\spells.dat = e3964fbe
#HASH data\AI_Script.BLK = 95845e0c
#HASH data\Level001 - Copy (2).lvl = fbc166ea
#HASH data\Level001 - Copy (3).lvl = 6c6d7a9f
#HASH data\Level001 - Copy.lvl = 93989ac3
#HASH data\Level001.lvl = f5a807ec
#HASH data\Level002.lvl = d79352da
0000000000000438 02 00fd00a5 00006e7c
0000000000000a50 02 010400f3 000114cf
0000000000000c6c 01 00000045 0001575d
0000000000001356 01 00000058 00022efd
0000000000001752 01 00000027 00029ff5
00000000000018f6 01 00000026 0002d15f
0000000000001ad6 01 00000026 00033bfe
0000000000001e5a 01 0000000d 0003cf5d
0000000000002454 01 00000045 00047004
000000000000268e 01 00000058 0004b42a
0000000000002a4e 01 00000045 00051f10
0000000000002d5a 01 00000051 00057875
00000000000030de 01 00000059 0005ddfe
0000000000003534 01 0000010d 00065984
00000000000036d8 01 0000000d 00068976
