#VERSION +0005.2600000000 Remove this line to ignore version
#EditorRunning NO
0000000000000258 ff 00000000 00000000
#SEEDMT 0002b607 00003dec
##Remove one '#' from following line to replay fast
##FASTPLAY 1
#HASH data\config.txt = 4a4b9534
#HASH data\game.dat = ebc74836
#HASH data\ability.dat = 1a6ab45f
#HASH data\baseclass.dat = 29cb9a9a
#HASH data\classes.dat = 938c79b3
#HASH data\items.dat = 562515bc
#HASH data\monsters.dat = 5d353a33
#HASH data\races.dat = 2146bb32
#HASH data\specialAbilities.dat = a9d8bb00
#HASH data\spells.dat = e3964fbe
#HASH data\AI_Script.BLK = 95845e0c
#HASH data\Level001 - Copy (2).lvl = fbc166ea
#HASH data\Level001 - Copy (3).lvl = 6c6d7a9f
#HASH data\Level001 - Copy.lvl = 93989ac3
#HASH data\Level001.lvl = 49172136
#HASH data\Level002.lvl = d79352da
0000000000000258 02 00e00130 00003dec
000000000000102c 01 0000004c 0001ac91
0000000000001266 01 00000045 0001f0aa
0000000000001716 01 00000058 00028e9f
0000000000001a04 01 00000027 0002e446
0000000000001dc4 01 00000026 00034c52
0000000000003426 01 00000026 0005ca18
