#VERSION +0005.2500000000 Remove this line to ignore version
#EditorRunning NO
000000000000041a ff 00000000 00000000
#SEEDMT 00caf3df 00006b73
##Remove one '#' from following line to replay fast
##FASTPLAY 1
#HASH data\config.txt = 4a4b9534
#HASH data\game.dat = 21f40201
#HASH data\ability.dat = f3be7371
#HASH data\baseclass.dat = 29cb9a9a
#HASH data\classes.dat = 938c79b3
#HASH data\items.dat = 8d938d89
#HASH data\monsters.dat = 5d20e08a
#HASH data\races.dat = 2146bb32
#HASH data\specialAbilities.dat = 7ba9bddc
#HASH data\spells.dat = baccbe83
#HASH data\AI_Script.BLK = 95845e0c
#HASH data\Level001 - Copy (2).lvl = fbc166ea
#HASH data\Level001 - Copy (3).lvl = 6c6d7a9f
#HASH data\Level001 - Copy.lvl = 93989ac3
#HASH data\Level001.lvl = bb0e04e6
#HASH data\Level002.lvl = d79352da
000000000000041a 02 01a100f9 00006b73
00000000000006ea 01 00000058 0000bcca
0000000000000ce4 02 007701ce 00016210
000000000000210c 02 01a3016c 000378d3
