#VERSION +0005.2600000000 Remove this line to ignore version
#EditorRunning NO
000000000000585c ff 00000000 00000000
#SEEDMT 0030d70d 0008f1ba
##Remove one '#' from following line to replay fast
##FASTPLAY 1
#HASH data\config.txt = 4a4b9534
#HASH data\game.dat = d2c7e88f
#HASH data\ability.dat = 61ca5a0f
#HASH data\baseclass.dat = 29cb9a9a
#HASH data\classes.dat = 938c79b3
#HASH data\items.dat = 562515bc
#HASH data\monsters.dat = 23a2fa0d
#HASH data\races.dat = 2146bb32
#HASH data\specialAbilities.dat = a9d8bb00
#HASH data\spells.dat = e3964fbe
#HASH data\AI_Script.BLK = 95845e0c
#HASH data\Level001 - Copy (2).lvl = fbc166ea
#HASH data\Level001 - Copy (3).lvl = 6c6d7a9f
#HASH data\Level001 - Copy.lvl = 93989ac3
#HASH data\Level001.lvl = bd230988
#HASH data\Level002.lvl = d79352da
000000000000585c 02 01e70048 0008f1ba
00000000000058d4 02 01d80048 0009065d
0000000000005eec 01 0000004c 0009ab23
0000000000006522 01 00000043 000a566e
0000000000006ca2 01 00000058 000b3d3b
0000000000007224 01 00000027 000bd5a8
00000000000074f4 01 00000026 000c256c
0000000000007710 01 00000026 000c961d
