#VERSION +0005.2100000000 Remove this line to ignore version
#EditorRunning NO
0000000000000bd6 ff 00000000 00000000
#SEEDMT 0030616f 000133c5
##Remove one '#' from following line to replay fast
##FASTPLAY 1
#HASH data\config.txt = 4a4b9534
#HASH data\game.dat = 7511c323
#HASH data\ability.dat = 6db42363
#HASH data\baseclass.dat = 29cb9a9a
#HASH data\classes.dat = 938c79b3
#HASH data\items.dat = afa7057b
#HASH data\monsters.dat = d9f7f597
#HASH data\races.dat = 2146bb32
#HASH data\specialAbilities.dat = 527f56bd
#HASH data\spells.dat = 4ae61052
#HASH data\AI_Script.BLK = 95845e0c
#HASH data\Level001.lvl = d4876ce8
#HASH data\Level002.lvl = d79352da
0000000000000bd6 02 01530141 000133c5
00000000000013b0 02 00fb00ed 0002079f
0000000000001716 02 00fb00e2 00026696
0000000000001af4 02 00590060 0002d6ab
0000000000001c7a 02 00480073 00030512
0000000000001ed2 02 0041007c 000348b8
00000000000020d0 02 00480066 0003872d
00000000000024ea 02 003c00db 0003fc44
0000000000002f3a 01 00000042 0005142d
00000000000032dc 01 00000026 00058170
0000000000003b2e 01 00000058 00065f8d
00000000000041be 01 00000026 0007426e
