#VERSION +0005.2100000000 Remove this line to ignore version
#EditorRunning NO
00000000000011b2 ff 00000000 00000000
#SEEDMT 001895c3 0001cb87
##Remove one '#' from following line to replay fast
##FASTPLAY 1
#HASH data\config.txt = 4a4b9534
#HASH data\game.dat = faac9706
#HASH data\ability.dat = 673b6fca
#HASH data\baseclass.dat = 29cb9a9a
#HASH data\classes.dat = 938c79b3
#HASH data\items.dat = 4413b586
#HASH data\monsters.dat = 51ddae4a
#HASH data\races.dat = 2146bb32
#HASH data\specialAbilities.dat = 527f56bd
#HASH data\spells.dat = e3314243
#HASH data\AI_Script.BLK = 95845e0c
#HASH data\Level001 - Copy.lvl = 93989ac3
#HASH data\Level001.lvl = 72bc1f99
#HASH data\Level002.lvl = d79352da
00000000000011b2 02 014a0113 0001cb87
000000000000212a 02 00e800e3 000364aa
0000000000002616 02 00460069 0003f010
0000000000002c4c 02 004400df 00049bc9
0000000000003570 02 00fc0170 00059558
0000000000003a7a 01 00000026 00062885
0000000000005b2c 02 011c01c8 00097df2
0000000000005cee 02 012101d2 0009b26b
0000000000006162 02 00c101da 000a6028
0000000000006540 02 019001d2 000ad04a
0000000000006c0c 02 002601d0 000b8c4d
0000000000006f18 02 0167010c 000be7ee
0000000000007242 01 0000000d 000c40d3
