#VERSION +0005.2500000000 Remove this line to ignore version
#EditorRunning NO
0000000000000276 ff 00000000 00000000
#SEEDMT 005e814c 000040f5
##Remove one '#' from following line to replay fast
##FASTPLAY 1
#HASH data\config.txt = 4a4b9534
#HASH data\game.dat = 6a69d552
#HASH data\ability.dat = 22a171f0
#HASH data\baseclass.dat = 29cb9a9a
#HASH data\classes.dat = 938c79b3
#HASH data\items.dat = 8d938d89
#HASH data\monsters.dat = 5d20e08a
#HASH data\races.dat = 2146bb32
#HASH data\specialAbilities.dat = 7ba9bddc
#HASH data\spells.dat = baccbe83
#HASH data\AI_Script.BLK = 95845e0c
#HASH data\Level001 - Copy (2).lvl = fbc166ea
#HASH data\Level001 - Copy (3).lvl = 6c6d7a9f
#HASH data\Level001 - Copy.lvl = 93989ac3
#HASH data\Level001.lvl = bb0e04e6
#HASH data\Level002.lvl = d79352da
0000000000000276 02 0199013b 000040f5
0000000000000a14 02 00fc00e7 00010ebd
0000000000000e4c 02 005c00ba 000187ed
00000000000011ee 02 004a00cc 0001f0e0
000000000000169e 02 00d8010e 00027719
0000000000003b88 01 00000058 00063f25
00000000000045f6 02 00df0172 00075719
0000000000004b00 01 0000001b 0007ea46
000000000000619e 01 00000045 000a3983
00000000000062e8 01 00000058 000a6561
000000000000675c 01 00000045 000ae27d
000000000000682e 01 00000051 000b0237
0000000000006bb2 01 00000059 000b67c0
0000000000006e46 02 01a50117 000bb5bf
0000000000006e64 02 01a50112 000bb9a8
