#VERSION +0005.2600000000 Remove this line to ignore version
#EditorRunning NO
0000000000000780 ff 00000000 00000000
#SEEDMT 0098992f 0000c378
##Remove one '#' from following line to replay fast
##FASTPLAY 1
#HASH data\config.txt = 4a4b9534
#HASH data\game.dat = ebc74836
#HASH data\ability.dat = 7855817c
#HASH data\baseclass.dat = 29cb9a9a
#HASH data\classes.dat = 938c79b3
#HASH data\items.dat = 562515bc
#HASH data\monsters.dat = 5d353a33
#HASH data\races.dat = 2146bb32
#HASH data\specialAbilities.dat = a9d8bb00
#HASH data\spells.dat = e3964fbe
#HASH data\AI_Script.BLK = 95845e0c
#HASH data\Level001 - Copy (2).lvl = fbc166ea
#HASH data\Level001 - Copy (3).lvl = 6c6d7a9f
#HASH data\Level001 - Copy.lvl = 93989ac3
#HASH data\Level001.lvl = 12f903c3
#HASH data\Level002.lvl = d79352da
0000000000000780 02 00d400c6 0000c378
0000000000000e2e 02 011100fc 000178f8
00000000000019e6 02 007601d4 0002b468
00000000000021fc 02 00ee010f 00039119
00000000000029f4 02 007901cf 00046b76
0000000000004416 02 00c90138 00071d04
0000000000004f92 02 00f10114 00084d68
